<?xml version="1.0" encoding="UTF-8"?>
<!-- Generated by org.testng.reporters.JUnitXMLReporter -->
<testsuite hostname="A2ML37002" ignored="0" name="Default test" tests="5" failures="0" timestamp="2020-04-30T16:13:09 IST" time="154.179" errors="0">
  <testcase name="loginToMercuryTours" time="80.022" classname="com.org.qa.testdata.TestData"/>
  <testcase name="flightReservationTest" time="6.573" classname="com.org.qa.testdata.TestData"/>
  <testcase name="searchFlightTest" time="5.11" classname="com.org.qa.testdata.TestData"/>
  <testcase name="flightPurchaseTest" time="21.224" classname="com.org.qa.testdata.TestData"/>
  <testcase name="flightConfirmationTest" time="28.667" classname="com.org.qa.testdata.TestData"/>
</testsuite> <!-- Default test -->
