<?xml version="1.0" encoding="UTF-8"?>
<!-- Generated by org.testng.reporters.JUnitXMLReporter -->
<testsuite hostname="A2ML37002" ignored="0" name="Mercury Tours Flight Booking" tests="5" failures="0" timestamp="2020-05-01T19:03:14 IST" time="35.479" errors="0">
  <testcase name="loginToMercuryTours" time="7.951" classname="com.org.qa.testdata.TestData"/>
  <testcase name="flightReservationTest" time="2.464" classname="com.org.qa.testdata.TestData"/>
  <testcase name="searchFlightTest" time="1.952" classname="com.org.qa.testdata.TestData"/>
  <testcase name="flightPurchaseTest" time="6.868" classname="com.org.qa.testdata.TestData"/>
  <testcase name="flightConfirmationTest" time="2.026" classname="com.org.qa.testdata.TestData"/>
</testsuite> <!-- Mercury Tours Flight Booking -->
